<?xml version="1.0" encoding="UTF-8"?>
<!-- Generated by org.testng.reporters.JUnitReportReporter -->
<testsuite hostname="DESKTOP-AHB8CI9" failures="0" tests="1" name="org.example.EdgeTestng" time="15.690" errors="0" timestamp="2023-05-10T10:17:23 IST" skipped="0">
  <testcase classname="org.example.EdgeTestng" name="edge" time="15.690"/>
  <system-out/>
</testsuite> <!-- org.example.EdgeTestng -->
